[03-May-2019 21:26:24 UTC] PHP Fatal error:  Call to undefined function get_database_connection() in /home/ubuntu/workspace/cst336/final/api/products.php on line 7
[03-May-2019 21:26:24 UTC] PHP Stack trace:
[03-May-2019 21:26:24 UTC] PHP   1. {main}() /home/ubuntu/workspace/cst336/final/api/products.php:0
[03-May-2019 21:27:01 UTC] PHP Warning:  include(_db_Connection.php): failed to open stream: No such file or directory in /home/ubuntu/workspace/cst336/final/api/products.php on line 6
[03-May-2019 21:27:01 UTC] PHP Stack trace:
[03-May-2019 21:27:01 UTC] PHP   1. {main}() /home/ubuntu/workspace/cst336/final/api/products.php:0
[03-May-2019 21:27:01 UTC] PHP Warning:  include(): Failed opening '_db_Connection.php' for inclusion (include_path='.:/usr/share/php:/usr/share/pear') in /home/ubuntu/workspace/cst336/final/api/products.php on line 6
[03-May-2019 21:27:01 UTC] PHP Stack trace:
[03-May-2019 21:27:01 UTC] PHP   1. {main}() /home/ubuntu/workspace/cst336/final/api/products.php:0
[03-May-2019 21:27:01 UTC] PHP Fatal error:  Call to undefined function get_database_connection() in /home/ubuntu/workspace/cst336/final/api/products.php on line 7
[03-May-2019 21:27:01 UTC] PHP Stack trace:
[03-May-2019 21:27:01 UTC] PHP   1. {main}() /home/ubuntu/workspace/cst336/final/api/products.php:0
[03-May-2019 21:27:11 UTC] PHP Fatal error:  Uncaught exception 'PDOException' with message 'SQLSTATE[HY000] [1044] Access denied for user 'bf9749165752e5'@'%' to database 'store'' in /home/ubuntu/workspace/cst336/final/api/_db_connection.php:24
Stack trace:
#0 /home/ubuntu/workspace/cst336/final/api/_db_connection.php(24): PDO->__construct('mysql:host=us-c...', 'bf9749165752e5', 'd31bd484')
#1 /home/ubuntu/workspace/cst336/final/api/products.php(7): get_database_connection('store')
#2 {main}
  thrown in /home/ubuntu/workspace/cst336/final/api/_db_connection.php on line 24
[03-May-2019 21:28:14 UTC] PHP Fatal error:  Uncaught exception 'PDOException' with message 'SQLSTATE[42S22]: Column not found: 1054 Unknown column 'cat_id' in 'where clause'' in /home/ubuntu/workspace/cst336/final/api/products.php:52
Stack trace:
#0 /home/ubuntu/workspace/cst336/final/api/products.php(52): PDOStatement->execute(Array)
#1 {main}
  thrown in /home/ubuntu/workspace/cst336/final/api/products.php on line 52
[07-May-2019 21:50:30 UTC] PHP Fatal error:  Uncaught exception 'PDOException' with message 'SQLSTATE[HY093]: Invalid parameter number: no parameters were bound' in /home/ubuntu/workspace/cst336/final/api/products.php:127
Stack trace:
#0 /home/ubuntu/workspace/cst336/final/api/products.php(127): PDOStatement->execute(Array)
#1 {main}
  thrown in /home/ubuntu/workspace/cst336/final/api/products.php on line 127
