[25-Apr-2019 23:26:08 UTC] PHP Fatal error:  Uncaught exception 'PDOException' with message 'SQLSTATE[42S02]: Base table or view not found: 1146 Table 'c9.lab8_pixabay' doesn't exist' in /home/ubuntu/workspace/cst336/labs/lab8/api/favoritesAPI.php:29
Stack trace:
#0 /home/ubuntu/workspace/cst336/labs/lab8/api/favoritesAPI.php(29): PDOStatement->execute(Array)
#1 {main}
  thrown in /home/ubuntu/workspace/cst336/labs/lab8/api/favoritesAPI.php on line 29
[25-Apr-2019 23:26:11 UTC] PHP Fatal error:  Uncaught exception 'PDOException' with message 'SQLSTATE[42S02]: Base table or view not found: 1146 Table 'c9.lab8_pixabay' doesn't exist' in /home/ubuntu/workspace/cst336/labs/lab8/api/favoritesAPI.php:29
Stack trace:
#0 /home/ubuntu/workspace/cst336/labs/lab8/api/favoritesAPI.php(29): PDOStatement->execute(Array)
#1 {main}
  thrown in /home/ubuntu/workspace/cst336/labs/lab8/api/favoritesAPI.php on line 29
[25-Apr-2019 23:27:27 UTC] PHP Fatal error:  Uncaught exception 'PDOException' with message 'SQLSTATE[42S02]: Base table or view not found: 1146 Table 'c9.lab8_pixabay' doesn't exist' in /home/ubuntu/workspace/cst336/labs/lab8/api/favoritesAPI.php:29
Stack trace:
#0 /home/ubuntu/workspace/cst336/labs/lab8/api/favoritesAPI.php(29): PDOStatement->execute(Array)
#1 {main}
  thrown in /home/ubuntu/workspace/cst336/labs/lab8/api/favoritesAPI.php on line 29
[25-Apr-2019 23:27:32 UTC] PHP Fatal error:  Uncaught exception 'PDOException' with message 'SQLSTATE[42S02]: Base table or view not found: 1146 Table 'c9.lab8_pixabay' doesn't exist' in /home/ubuntu/workspace/cst336/labs/lab8/api/favoritesAPI.php:29
Stack trace:
#0 /home/ubuntu/workspace/cst336/labs/lab8/api/favoritesAPI.php(29): PDOStatement->execute(Array)
#1 {main}
  thrown in /home/ubuntu/workspace/cst336/labs/lab8/api/favoritesAPI.php on line 29
[25-Apr-2019 23:35:07 UTC] PHP Fatal error:  Uncaught exception 'PDOException' with message 'SQLSTATE[42000]: Syntax error or access violation: 1065 Query was empty' in /home/ubuntu/workspace/cst336/labs/lab8/api/favoritesAPI.php:29
Stack trace:
#0 /home/ubuntu/workspace/cst336/labs/lab8/api/favoritesAPI.php(29): PDOStatement->execute(Array)
#1 {main}
  thrown in /home/ubuntu/workspace/cst336/labs/lab8/api/favoritesAPI.php on line 29
[27-Apr-2019 02:21:44 UTC] PHP Fatal error:  Uncaught exception 'PDOException' with message 'SQLSTATE[42S02]: Base table or view not found: 1146 Table 'c9.lab8_pixabay' doesn't exist' in /home/ubuntu/workspace/cst336/labs/lab8/api/favoritesAPI.php:32
Stack trace:
#0 /home/ubuntu/workspace/cst336/labs/lab8/api/favoritesAPI.php(32): PDOStatement->execute(Array)
#1 {main}
  thrown in /home/ubuntu/workspace/cst336/labs/lab8/api/favoritesAPI.php on line 32
[27-Apr-2019 02:21:45 UTC] PHP Fatal error:  Uncaught exception 'PDOException' with message 'SQLSTATE[42S02]: Base table or view not found: 1146 Table 'c9.lab8_pixabay' doesn't exist' in /home/ubuntu/workspace/cst336/labs/lab8/api/favoritesAPI.php:32
Stack trace:
#0 /home/ubuntu/workspace/cst336/labs/lab8/api/favoritesAPI.php(32): PDOStatement->execute(Array)
#1 {main}
  thrown in /home/ubuntu/workspace/cst336/labs/lab8/api/favoritesAPI.php on line 32
[27-Apr-2019 02:21:46 UTC] PHP Fatal error:  Uncaught exception 'PDOException' with message 'SQLSTATE[42S02]: Base table or view not found: 1146 Table 'c9.lab8_pixabay' doesn't exist' in /home/ubuntu/workspace/cst336/labs/lab8/api/favoritesAPI.php:32
Stack trace:
#0 /home/ubuntu/workspace/cst336/labs/lab8/api/favoritesAPI.php(32): PDOStatement->execute(Array)
#1 {main}
  thrown in /home/ubuntu/workspace/cst336/labs/lab8/api/favoritesAPI.php on line 32
[27-Apr-2019 02:21:46 UTC] PHP Fatal error:  Uncaught exception 'PDOException' with message 'SQLSTATE[42S02]: Base table or view not found: 1146 Table 'c9.lab8_pixabay' doesn't exist' in /home/ubuntu/workspace/cst336/labs/lab8/api/favoritesAPI.php:32
Stack trace:
#0 /home/ubuntu/workspace/cst336/labs/lab8/api/favoritesAPI.php(32): PDOStatement->execute(Array)
#1 {main}
  thrown in /home/ubuntu/workspace/cst336/labs/lab8/api/favoritesAPI.php on line 32
[27-Apr-2019 02:21:47 UTC] PHP Fatal error:  Uncaught exception 'PDOException' with message 'SQLSTATE[42S02]: Base table or view not found: 1146 Table 'c9.lab8_pixabay' doesn't exist' in /home/ubuntu/workspace/cst336/labs/lab8/api/favoritesAPI.php:32
Stack trace:
#0 /home/ubuntu/workspace/cst336/labs/lab8/api/favoritesAPI.php(32): PDOStatement->execute(Array)
#1 {main}
  thrown in /home/ubuntu/workspace/cst336/labs/lab8/api/favoritesAPI.php on line 32
[27-Apr-2019 02:21:48 UTC] PHP Fatal error:  Uncaught exception 'PDOException' with message 'SQLSTATE[42S02]: Base table or view not found: 1146 Table 'c9.lab8_pixabay' doesn't exist' in /home/ubuntu/workspace/cst336/labs/lab8/api/favoritesAPI.php:32
Stack trace:
#0 /home/ubuntu/workspace/cst336/labs/lab8/api/favoritesAPI.php(32): PDOStatement->execute(Array)
#1 {main}
  thrown in /home/ubuntu/workspace/cst336/labs/lab8/api/favoritesAPI.php on line 32
[27-Apr-2019 02:24:27 UTC] PHP Fatal error:  Uncaught exception 'PDOException' with message 'SQLSTATE[42S02]: Base table or view not found: 1146 Table 'c9.lab8_pixabay' doesn't exist' in /home/ubuntu/workspace/cst336/labs/lab8/api/favoritesAPI.php:32
Stack trace:
#0 /home/ubuntu/workspace/cst336/labs/lab8/api/favoritesAPI.php(32): PDOStatement->execute(Array)
#1 {main}
  thrown in /home/ubuntu/workspace/cst336/labs/lab8/api/favoritesAPI.php on line 32
[27-Apr-2019 02:24:44 UTC] PHP Fatal error:  Uncaught exception 'PDOException' with message 'SQLSTATE[42S02]: Base table or view not found: 1146 Table 'c9.lab8_pixabay' doesn't exist' in /home/ubuntu/workspace/cst336/labs/lab8/api/favoritesAPI.php:32
Stack trace:
#0 /home/ubuntu/workspace/cst336/labs/lab8/api/favoritesAPI.php(32): PDOStatement->execute(Array)
#1 {main}
  thrown in /home/ubuntu/workspace/cst336/labs/lab8/api/favoritesAPI.php on line 32
[27-Apr-2019 02:24:45 UTC] PHP Fatal error:  Uncaught exception 'PDOException' with message 'SQLSTATE[42S02]: Base table or view not found: 1146 Table 'c9.lab8_pixabay' doesn't exist' in /home/ubuntu/workspace/cst336/labs/lab8/api/favoritesAPI.php:32
Stack trace:
#0 /home/ubuntu/workspace/cst336/labs/lab8/api/favoritesAPI.php(32): PDOStatement->execute(Array)
#1 {main}
  thrown in /home/ubuntu/workspace/cst336/labs/lab8/api/favoritesAPI.php on line 32
[27-Apr-2019 02:24:46 UTC] PHP Fatal error:  Uncaught exception 'PDOException' with message 'SQLSTATE[42S02]: Base table or view not found: 1146 Table 'c9.lab8_pixabay' doesn't exist' in /home/ubuntu/workspace/cst336/labs/lab8/api/favoritesAPI.php:32
Stack trace:
#0 /home/ubuntu/workspace/cst336/labs/lab8/api/favoritesAPI.php(32): PDOStatement->execute(Array)
#1 {main}
  thrown in /home/ubuntu/workspace/cst336/labs/lab8/api/favoritesAPI.php on line 32
[27-Apr-2019 02:24:48 UTC] PHP Fatal error:  Uncaught exception 'PDOException' with message 'SQLSTATE[42S02]: Base table or view not found: 1146 Table 'c9.lab8_pixabay' doesn't exist' in /home/ubuntu/workspace/cst336/labs/lab8/api/favoritesAPI.php:32
Stack trace:
#0 /home/ubuntu/workspace/cst336/labs/lab8/api/favoritesAPI.php(32): PDOStatement->execute(Array)
#1 {main}
  thrown in /home/ubuntu/workspace/cst336/labs/lab8/api/favoritesAPI.php on line 32
